<?xml version="1.0" encoding="UTF-8"?>
<!-- Generated by org.testng.reporters.JUnitXMLReporter -->
<testsuite hostname="DESKTOP-2715SLO" ignored="0" name="Test" tests="5" failures="0" timestamp="2020-04-14T14:44:38 IST" time="0.099" errors="0">
  <testcase name="SeleniumTest2" time="0.015" classname="kumaranqa.SeleniumTest"/>
  <testcase name="IosApp" time="0.003" classname="kumaranqa.AppiumTest"/>
  <testcase name="NativeApp" time="0.003" classname="kumaranqa.AppiumTest"/>
  <testcase name="RestAPI1" time="0.001" classname="kumaranqa.RestAPITest"/>
  <testcase name="RestAPI2" time="0.005" classname="kumaranqa.RestAPITest"/>
</testsuite> <!-- Test -->
