<?xml version="1.0" encoding="UTF-8"?>
<!-- Generated by org.testng.reporters.JUnitXMLReporter -->
<testsuite hostname="DESKTOP-2715SLO" ignored="0" name="Test" tests="4" failures="0" timestamp="2020-04-15T08:52:07 IST" time="0.064" errors="0">
  <testcase name="SeleniumTest1" time="0.006" classname="kumaranqa.SeleniumTest"/>
  <testcase name="SeleniumTest2" time="0.0" classname="kumaranqa.SeleniumTest"/>
  <testcase name="RestAPI1" time="0.001" classname="kumaranqa.RestAPITest"/>
  <testcase name="RestAPI2" time="0.0" classname="kumaranqa.RestAPITest"/>
</testsuite> <!-- Test -->
